Build started 12/21/2018 7:29:26 PM.
     1>Project "C:\Users\m_nasser\Desktop\New folder (2)\Road Map\Road Map\Road Map.vcxproj" on node 2 (Build target(s)).
     1>ClCompile:
         C:\Program Files (x86)\Microsoft Visual Studio 12.0\VC\bin\CL.exe /c /ZI /nologo /W3 /WX- /sdl /Od /Oy- /D WIN32 /D _DEBUG /D _CONSOLE /D _LIB /D _UNICODE /D UNICODE /Gm /EHsc /RTC1 /MDd /GS /fp:precise /Zc:wchar_t /Zc:forScope /Fo"Debug\\" /Fd"Debug\vc120.pdb" /Gd /TP /analyze- /errorReport:prompt Road_map.cpp
         Road_map.cpp
     1>c:\users\m_nasser\desktop\new folder (2)\road map\road map\road_map.cpp(22): warning C4018: '<' : signed/unsigned mismatch
     1>c:\users\m_nasser\desktop\new folder (2)\road map\road map\road_map.cpp(83): warning C4018: '<' : signed/unsigned mismatch
     1>c:\users\m_nasser\desktop\new folder (2)\road map\road map\road_map.cpp(85): warning C4018: '<' : signed/unsigned mismatch
     1>c:\users\m_nasser\desktop\new folder (2)\road map\road map\road_map.cpp(88): warning C4018: '<' : signed/unsigned mismatch
     1>c:\users\m_nasser\desktop\new folder (2)\road map\road map\road_map.cpp(99): warning C4018: '<' : signed/unsigned mismatch
     1>c:\users\m_nasser\desktop\new folder (2)\road map\road map\road_map.cpp(119): warning C4018: '<' : signed/unsigned mismatch
     1>c:\users\m_nasser\desktop\new folder (2)\road map\road map\road_map.cpp(124): warning C4018: '<' : signed/unsigned mismatch
     1>c:\users\m_nasser\desktop\new folder (2)\road map\road map\road_map.cpp(129): warning C4018: '<' : signed/unsigned mismatch
       Link:
         C:\Program Files (x86)\Microsoft Visual Studio 12.0\VC\bin\link.exe /ERRORREPORT:PROMPT /OUT:"C:\Users\m_nasser\Desktop\New folder (2)\Road Map\Debug\Road Map.exe" /INCREMENTAL /NOLOGO kernel32.lib user32.lib gdi32.lib winspool.lib comdlg32.lib advapi32.lib shell32.lib ole32.lib oleaut32.lib uuid.lib odbc32.lib odbccp32.lib /MANIFEST /MANIFESTUAC:"level='asInvoker' uiAccess='false'" /manifest:embed /DEBUG /PDB:"C:\Users\m_nasser\Desktop\New folder (2)\Road Map\Debug\Road Map.pdb" /SUBSYSTEM:CONSOLE /TLBID:1 /DYNAMICBASE /NXCOMPAT /IMPLIB:"C:\Users\m_nasser\Desktop\New folder (2)\Road Map\Debug\Road Map.lib" /MACHINE:X86 Debug\Road_map.obj
         Debug\Source.obj
         Road Map.vcxproj -> C:\Users\m_nasser\Desktop\New folder (2)\Road Map\Debug\Road Map.exe
     1>Done Building Project "C:\Users\m_nasser\Desktop\New folder (2)\Road Map\Road Map\Road Map.vcxproj" (Build target(s)).

Build succeeded.

Time Elapsed 00:00:01.32
